[0.367s] Invoking command in '/home/andressa/turtlebot3_ws/src/turtlebot3_control_ros2': PYTHONPATH=/home/andressa/turtlebot3_ws/src/turtlebot3_control_ros2/build/turtlebot3_control_ros2/prefix_override:/usr/lib/python3/dist-packages/colcon_core/task/python/colcon_distutils_commands:/home/andressa/turtlebot3_ws/src/turtlebot3_control_ros2/install/turtlebot3_control_ros2/lib/python3.10/site-packages:${PYTHONPATH} /usr/bin/python3 -W ignore:setup.py install is deprecated setup.py egg_info --egg-base build/turtlebot3_control_ros2 build --build-base /home/andressa/turtlebot3_ws/src/turtlebot3_control_ros2/build/turtlebot3_control_ros2/build install --record /home/andressa/turtlebot3_ws/src/turtlebot3_control_ros2/build/turtlebot3_control_ros2/install.log --single-version-externally-managed install_data
[0.508s] running egg_info
[0.508s] creating build/turtlebot3_control_ros2/turtlebot3_control_ros2.egg-info
[0.511s] writing build/turtlebot3_control_ros2/turtlebot3_control_ros2.egg-info/PKG-INFO
[0.511s] writing dependency_links to build/turtlebot3_control_ros2/turtlebot3_control_ros2.egg-info/dependency_links.txt
[0.511s] writing entry points to build/turtlebot3_control_ros2/turtlebot3_control_ros2.egg-info/entry_points.txt
[0.511s] writing requirements to build/turtlebot3_control_ros2/turtlebot3_control_ros2.egg-info/requires.txt
[0.511s] writing top-level names to build/turtlebot3_control_ros2/turtlebot3_control_ros2.egg-info/top_level.txt
[0.512s] writing manifest file 'build/turtlebot3_control_ros2/turtlebot3_control_ros2.egg-info/SOURCES.txt'
[0.512s] reading manifest file 'build/turtlebot3_control_ros2/turtlebot3_control_ros2.egg-info/SOURCES.txt'
[0.512s] adding license file 'LICENSE'
[0.513s] writing manifest file 'build/turtlebot3_control_ros2/turtlebot3_control_ros2.egg-info/SOURCES.txt'
[0.513s] running build
[0.513s] running build_py
[0.513s] creating /home/andressa/turtlebot3_ws/src/turtlebot3_control_ros2/build/turtlebot3_control_ros2/build
[0.513s] creating /home/andressa/turtlebot3_ws/src/turtlebot3_control_ros2/build/turtlebot3_control_ros2/build/lib
[0.513s] creating /home/andressa/turtlebot3_ws/src/turtlebot3_control_ros2/build/turtlebot3_control_ros2/build/lib/turtlebot3_control_ros2
[0.513s] copying turtlebot3_control_ros2/testes.py -> /home/andressa/turtlebot3_ws/src/turtlebot3_control_ros2/build/turtlebot3_control_ros2/build/lib/turtlebot3_control_ros2
[0.513s] copying turtlebot3_control_ros2/__init__.py -> /home/andressa/turtlebot3_ws/src/turtlebot3_control_ros2/build/turtlebot3_control_ros2/build/lib/turtlebot3_control_ros2
[0.513s] copying turtlebot3_control_ros2/turtlebot_ctrl.py -> /home/andressa/turtlebot3_ws/src/turtlebot3_control_ros2/build/turtlebot3_control_ros2/build/lib/turtlebot3_control_ros2
[0.513s] running install
[0.513s] running install_lib
[0.514s] creating /home/andressa/turtlebot3_ws/src/turtlebot3_control_ros2/install/turtlebot3_control_ros2/lib/python3.10/site-packages/turtlebot3_control_ros2
[0.514s] copying /home/andressa/turtlebot3_ws/src/turtlebot3_control_ros2/build/turtlebot3_control_ros2/build/lib/turtlebot3_control_ros2/testes.py -> /home/andressa/turtlebot3_ws/src/turtlebot3_control_ros2/install/turtlebot3_control_ros2/lib/python3.10/site-packages/turtlebot3_control_ros2
[0.514s] copying /home/andressa/turtlebot3_ws/src/turtlebot3_control_ros2/build/turtlebot3_control_ros2/build/lib/turtlebot3_control_ros2/__init__.py -> /home/andressa/turtlebot3_ws/src/turtlebot3_control_ros2/install/turtlebot3_control_ros2/lib/python3.10/site-packages/turtlebot3_control_ros2
[0.514s] copying /home/andressa/turtlebot3_ws/src/turtlebot3_control_ros2/build/turtlebot3_control_ros2/build/lib/turtlebot3_control_ros2/turtlebot_ctrl.py -> /home/andressa/turtlebot3_ws/src/turtlebot3_control_ros2/install/turtlebot3_control_ros2/lib/python3.10/site-packages/turtlebot3_control_ros2
[0.514s] byte-compiling /home/andressa/turtlebot3_ws/src/turtlebot3_control_ros2/install/turtlebot3_control_ros2/lib/python3.10/site-packages/turtlebot3_control_ros2/testes.py to testes.cpython-310.pyc
[0.514s] byte-compiling /home/andressa/turtlebot3_ws/src/turtlebot3_control_ros2/install/turtlebot3_control_ros2/lib/python3.10/site-packages/turtlebot3_control_ros2/__init__.py to __init__.cpython-310.pyc
[0.515s] byte-compiling /home/andressa/turtlebot3_ws/src/turtlebot3_control_ros2/install/turtlebot3_control_ros2/lib/python3.10/site-packages/turtlebot3_control_ros2/turtlebot_ctrl.py to turtlebot_ctrl.cpython-310.pyc
[0.515s] running install_data
[0.515s] creating /home/andressa/turtlebot3_ws/src/turtlebot3_control_ros2/install/turtlebot3_control_ros2/share/ament_index
[0.515s] creating /home/andressa/turtlebot3_ws/src/turtlebot3_control_ros2/install/turtlebot3_control_ros2/share/ament_index/resource_index
[0.515s] creating /home/andressa/turtlebot3_ws/src/turtlebot3_control_ros2/install/turtlebot3_control_ros2/share/ament_index/resource_index/packages
[0.515s] copying resource/turtlebot3_control_ros2 -> /home/andressa/turtlebot3_ws/src/turtlebot3_control_ros2/install/turtlebot3_control_ros2/share/ament_index/resource_index/packages
[0.515s] copying package.xml -> /home/andressa/turtlebot3_ws/src/turtlebot3_control_ros2/install/turtlebot3_control_ros2/share/turtlebot3_control_ros2
[0.515s] running install_egg_info
[0.516s] Copying build/turtlebot3_control_ros2/turtlebot3_control_ros2.egg-info to /home/andressa/turtlebot3_ws/src/turtlebot3_control_ros2/install/turtlebot3_control_ros2/lib/python3.10/site-packages/turtlebot3_control_ros2-0.0.0-py3.10.egg-info
[0.517s] running install_scripts
[0.528s] Installing turtlebot_ctrl script to /home/andressa/turtlebot3_ws/src/turtlebot3_control_ros2/install/turtlebot3_control_ros2/lib/turtlebot3_control_ros2
[0.528s] writing list of installed files to '/home/andressa/turtlebot3_ws/src/turtlebot3_control_ros2/build/turtlebot3_control_ros2/install.log'
[0.545s] Invoked command in '/home/andressa/turtlebot3_ws/src/turtlebot3_control_ros2' returned '0': PYTHONPATH=/home/andressa/turtlebot3_ws/src/turtlebot3_control_ros2/build/turtlebot3_control_ros2/prefix_override:/usr/lib/python3/dist-packages/colcon_core/task/python/colcon_distutils_commands:/home/andressa/turtlebot3_ws/src/turtlebot3_control_ros2/install/turtlebot3_control_ros2/lib/python3.10/site-packages:${PYTHONPATH} /usr/bin/python3 -W ignore:setup.py install is deprecated setup.py egg_info --egg-base build/turtlebot3_control_ros2 build --build-base /home/andressa/turtlebot3_ws/src/turtlebot3_control_ros2/build/turtlebot3_control_ros2/build install --record /home/andressa/turtlebot3_ws/src/turtlebot3_control_ros2/build/turtlebot3_control_ros2/install.log --single-version-externally-managed install_data
